Determining if the pthread_create exist failed with the following output:
Change Dir: /home/workspace/Project1/build/CMakeFiles/CMakeTmp

Run Build Command:"/usr/bin/make" "cmTC_ece8f/fast"
/usr/bin/make -f CMakeFiles/cmTC_ece8f.dir/build.make CMakeFiles/cmTC_ece8f.dir/build
make[1]: Entering directory '/home/workspace/Project1/build/CMakeFiles/CMakeTmp'
Building C object CMakeFiles/cmTC_ece8f.dir/CheckSymbolExists.c.o
/usr/bin/cc     -o CMakeFiles/cmTC_ece8f.dir/CheckSymbolExists.c.o   -c /home/workspace/Project1/build/CMakeFiles/CMakeTmp/CheckSymbolExists.c
Linking C executable cmTC_ece8f
/usr/bin/cmake -E cmake_link_script CMakeFiles/cmTC_ece8f.dir/link.txt --verbose=1
/usr/bin/cc       CMakeFiles/cmTC_ece8f.dir/CheckSymbolExists.c.o  -o cmTC_ece8f -rdynamic 
CMakeFiles/cmTC_ece8f.dir/CheckSymbolExists.c.o: In function `main':
CheckSymbolExists.c:(.text+0x16): undefined reference to `pthread_create'
collect2: error: ld returned 1 exit status
CMakeFiles/cmTC_ece8f.dir/build.make:97: recipe for target 'cmTC_ece8f' failed
make[1]: *** [cmTC_ece8f] Error 1
make[1]: Leaving directory '/home/workspace/Project1/build/CMakeFiles/CMakeTmp'
Makefile:126: recipe for target 'cmTC_ece8f/fast' failed
make: *** [cmTC_ece8f/fast] Error 2

File /home/workspace/Project1/build/CMakeFiles/CMakeTmp/CheckSymbolExists.c:
/* */
#include <pthread.h>

int main(int argc, char** argv)
{
  (void)argv;
#ifndef pthread_create
  return ((int*)(&pthread_create))[argc];
#else
  (void)argc;
  return 0;
#endif
}

Determining if the function pthread_create exists in the pthreads failed with the following output:
Change Dir: /home/workspace/Project1/build/CMakeFiles/CMakeTmp

Run Build Command:"/usr/bin/make" "cmTC_5c241/fast"
/usr/bin/make -f CMakeFiles/cmTC_5c241.dir/build.make CMakeFiles/cmTC_5c241.dir/build
make[1]: Entering directory '/home/workspace/Project1/build/CMakeFiles/CMakeTmp'
Building C object CMakeFiles/cmTC_5c241.dir/CheckFunctionExists.c.o
/usr/bin/cc    -DCHECK_FUNCTION_EXISTS=pthread_create   -o CMakeFiles/cmTC_5c241.dir/CheckFunctionExists.c.o   -c /usr/share/cmake-3.5/Modules/CheckFunctionExists.c
Linking C executable cmTC_5c241
/usr/bin/cmake -E cmake_link_script CMakeFiles/cmTC_5c241.dir/link.txt --verbose=1
/usr/bin/cc   -DCHECK_FUNCTION_EXISTS=pthread_create    CMakeFiles/cmTC_5c241.dir/CheckFunctionExists.c.o  -o cmTC_5c241 -rdynamic -lpthreads 
/usr/bin/ld: cannot find -lpthreads
collect2: error: ld returned 1 exit status
CMakeFiles/cmTC_5c241.dir/build.make:97: recipe for target 'cmTC_5c241' failed
make[1]: *** [cmTC_5c241] Error 1
make[1]: Leaving directory '/home/workspace/Project1/build/CMakeFiles/CMakeTmp'
Makefile:126: recipe for target 'cmTC_5c241/fast' failed
make: *** [cmTC_5c241/fast] Error 2


